{"contracts/Membership.sol":{"l":{"112":1,"114":1,"116":1,"117":1,"118":1,"123":1,"124":1,"125":1,"126":1,"127":1,"130":0,"131":0,"135":1,"136":1,"137":1,"138":1,"139":1,"142":0,"147":1,"149":1,"151":1,"153":1,"155":1,"156":1,"157":1,"165":1,"167":1,"169":1,"170":1,"171":1,"176":1,"177":1,"178":1,"179":1,"180":1,"183":0,"184":0,"188":1,"189":1,"190":1,"191":1,"192":1,"195":0,"200":1,"202":1,"204":1,"206":1,"208":1,"209":1,"210":1,"218":1,"220":1,"222":1,"223":1,"224":1,"229":1,"230":1,"231":1,"232":1,"233":1,"236":0,"237":0,"241":1,"242":1,"243":1,"244":1,"245":1,"248":0,"253":1,"255":1,"257":1,"259":1,"261":1,"262":1,"263":1},"path":"/home/oncemore/Blockchain Work/membership/contracts/Membership.sol","s":{"1":1,"2":1,"3":1,"4":1,"5":1,"6":1,"7":1,"8":1,"9":1,"10":0,"11":0,"12":1,"13":1,"14":1,"15":1,"16":1,"17":0,"18":1,"19":1,"20":1,"21":1,"22":1,"23":1,"24":1,"25":1,"26":1,"27":1,"28":1,"29":1,"30":1,"31":1,"32":1,"33":1,"34":0,"35":0,"36":1,"37":1,"38":1,"39":1,"40":1,"41":0,"42":1,"43":1,"44":1,"45":1,"46":1,"47":1,"48":1,"49":1,"50":1,"51":1,"52":1,"53":1,"54":1,"55":1,"56":1,"57":1,"58":0,"59":0,"60":1,"61":1,"62":1,"63":1,"64":1,"65":0,"66":1,"67":1,"68":1,"69":1,"70":1,"71":1,"72":1},"b":{"1":[1,0],"2":[1,0],"3":[1,0],"4":[1,0],"5":[1,0],"6":[1,0],"7":[1,0],"8":[1,0],"9":[1,0],"10":[1,0],"11":[1,0],"12":[1,0],"13":[1,0],"14":[1,0],"15":[1,0],"16":[1,0],"17":[1,0],"18":[1,0],"19":[1,0],"20":[1,0],"21":[1,0]},"f":{"1":1,"2":1,"3":1,"4":1,"5":1,"6":1,"7":1,"8":1,"9":1,"10":1,"11":1,"12":1},"fnMap":{"1":{"name":"gold_buy","line":110,"loc":{"start":{"line":110,"column":4},"end":{"line":119,"column":4}}},"2":{"name":"gold_sell","line":122,"loc":{"start":{"line":122,"column":4},"end":{"line":132,"column":4}}},"3":{"name":"gold_approve","line":134,"loc":{"start":{"line":134,"column":4},"end":{"line":143,"column":4}}},"4":{"name":"gold_request_buy","line":145,"loc":{"start":{"line":145,"column":4},"end":{"line":158,"column":4}}},"5":{"name":"silver_buy","line":163,"loc":{"start":{"line":163,"column":4},"end":{"line":172,"column":4}}},"6":{"name":"silver_sell","line":175,"loc":{"start":{"line":175,"column":4},"end":{"line":185,"column":4}}},"7":{"name":"silver_approve","line":187,"loc":{"start":{"line":187,"column":4},"end":{"line":196,"column":4}}},"8":{"name":"silver_request_buy","line":198,"loc":{"start":{"line":198,"column":4},"end":{"line":211,"column":4}}},"9":{"name":"bronze_buy","line":216,"loc":{"start":{"line":216,"column":4},"end":{"line":225,"column":4}}},"10":{"name":"bronze_sell","line":228,"loc":{"start":{"line":228,"column":4},"end":{"line":238,"column":4}}},"11":{"name":"bronze_approve","line":240,"loc":{"start":{"line":240,"column":4},"end":{"line":249,"column":4}}},"12":{"name":"bronze_request_buy","line":251,"loc":{"start":{"line":251,"column":4},"end":{"line":264,"column":4}}}},"statementMap":{"1":{"start":{"line":112,"column":8},"end":{"line":112,"column":45}},"2":{"start":{"line":114,"column":8},"end":{"line":114,"column":41}},"3":{"start":{"line":116,"column":8},"end":{"line":116,"column":63}},"4":{"start":{"line":118,"column":8},"end":{"line":118,"column":48}},"5":{"start":{"line":123,"column":8},"end":{"line":123,"column":3360}},"6":{"start":{"line":124,"column":12},"end":{"line":124,"column":3424}},"7":{"start":{"line":125,"column":16},"end":{"line":125,"column":42}},"8":{"start":{"line":126,"column":16},"end":{"line":126,"column":88}},"9":{"start":{"line":127,"column":16},"end":{"line":127,"column":27}},"10":{"start":{"line":130,"column":8},"end":{"line":130,"column":43}},"11":{"start":{"line":131,"column":8},"end":{"line":131,"column":20}},"12":{"start":{"line":135,"column":8},"end":{"line":135,"column":3818}},"13":{"start":{"line":136,"column":12},"end":{"line":136,"column":3882}},"14":{"start":{"line":137,"column":16},"end":{"line":137,"column":47}},"15":{"start":{"line":138,"column":16},"end":{"line":138,"column":91}},"16":{"start":{"line":139,"column":16},"end":{"line":139,"column":27}},"17":{"start":{"line":142,"column":8},"end":{"line":142,"column":20}},"18":{"start":{"line":147,"column":8},"end":{"line":147,"column":46}},"19":{"start":{"line":149,"column":8},"end":{"line":149,"column":55}},"20":{"start":{"line":151,"column":8},"end":{"line":151,"column":57}},"21":{"start":{"line":153,"column":8},"end":{"line":153,"column":60}},"22":{"start":{"line":155,"column":8},"end":{"line":155,"column":44}},"23":{"start":{"line":156,"column":8},"end":{"line":156,"column":46}},"24":{"start":{"line":157,"column":8},"end":{"line":157,"column":94}},"25":{"start":{"line":165,"column":8},"end":{"line":165,"column":49}},"26":{"start":{"line":167,"column":8},"end":{"line":167,"column":43}},"27":{"start":{"line":169,"column":8},"end":{"line":169,"column":69}},"28":{"start":{"line":171,"column":8},"end":{"line":171,"column":50}},"29":{"start":{"line":176,"column":8},"end":{"line":176,"column":5766}},"30":{"start":{"line":177,"column":12},"end":{"line":177,"column":5832}},"31":{"start":{"line":178,"column":16},"end":{"line":178,"column":44}},"32":{"start":{"line":179,"column":16},"end":{"line":179,"column":94}},"33":{"start":{"line":180,"column":16},"end":{"line":180,"column":27}},"34":{"start":{"line":183,"column":8},"end":{"line":183,"column":45}},"35":{"start":{"line":184,"column":8},"end":{"line":184,"column":20}},"36":{"start":{"line":188,"column":8},"end":{"line":188,"column":6242}},"37":{"start":{"line":189,"column":12},"end":{"line":189,"column":6308}},"38":{"start":{"line":190,"column":16},"end":{"line":190,"column":49}},"39":{"start":{"line":191,"column":16},"end":{"line":191,"column":97}},"40":{"start":{"line":192,"column":16},"end":{"line":192,"column":27}},"41":{"start":{"line":195,"column":8},"end":{"line":195,"column":20}},"42":{"start":{"line":200,"column":8},"end":{"line":200,"column":48}},"43":{"start":{"line":202,"column":8},"end":{"line":202,"column":57}},"44":{"start":{"line":204,"column":8},"end":{"line":204,"column":59}},"45":{"start":{"line":206,"column":8},"end":{"line":206,"column":62}},"46":{"start":{"line":208,"column":8},"end":{"line":208,"column":46}},"47":{"start":{"line":209,"column":8},"end":{"line":209,"column":48}},"48":{"start":{"line":210,"column":8},"end":{"line":210,"column":100}},"49":{"start":{"line":218,"column":8},"end":{"line":218,"column":49}},"50":{"start":{"line":220,"column":8},"end":{"line":220,"column":43}},"51":{"start":{"line":222,"column":8},"end":{"line":222,"column":69}},"52":{"start":{"line":224,"column":8},"end":{"line":224,"column":50}},"53":{"start":{"line":229,"column":8},"end":{"line":229,"column":8228}},"54":{"start":{"line":230,"column":12},"end":{"line":230,"column":8294}},"55":{"start":{"line":231,"column":16},"end":{"line":231,"column":44}},"56":{"start":{"line":232,"column":16},"end":{"line":232,"column":94}},"57":{"start":{"line":233,"column":16},"end":{"line":233,"column":27}},"58":{"start":{"line":236,"column":8},"end":{"line":236,"column":45}},"59":{"start":{"line":237,"column":8},"end":{"line":237,"column":20}},"60":{"start":{"line":241,"column":8},"end":{"line":241,"column":8704}},"61":{"start":{"line":242,"column":12},"end":{"line":242,"column":8770}},"62":{"start":{"line":243,"column":16},"end":{"line":243,"column":49}},"63":{"start":{"line":244,"column":16},"end":{"line":244,"column":97}},"64":{"start":{"line":245,"column":16},"end":{"line":245,"column":27}},"65":{"start":{"line":248,"column":8},"end":{"line":248,"column":20}},"66":{"start":{"line":253,"column":8},"end":{"line":253,"column":48}},"67":{"start":{"line":255,"column":8},"end":{"line":255,"column":57}},"68":{"start":{"line":257,"column":8},"end":{"line":257,"column":59}},"69":{"start":{"line":259,"column":8},"end":{"line":259,"column":62}},"70":{"start":{"line":261,"column":8},"end":{"line":261,"column":46}},"71":{"start":{"line":262,"column":8},"end":{"line":262,"column":48}},"72":{"start":{"line":263,"column":8},"end":{"line":263,"column":100}}},"branchMap":{"1":{"line":112,"type":"if","locations":[{"start":{"line":112,"column":8},"end":{"line":112,"column":8}},{"start":{"line":112,"column":8},"end":{"line":112,"column":8}}]},"2":{"line":114,"type":"if","locations":[{"start":{"line":114,"column":8},"end":{"line":114,"column":8}},{"start":{"line":114,"column":8},"end":{"line":114,"column":8}}]},"3":{"line":124,"type":"if","locations":[{"start":{"line":124,"column":12},"end":{"line":124,"column":12}},{"start":{"line":124,"column":12},"end":{"line":124,"column":12}}]},"4":{"line":136,"type":"if","locations":[{"start":{"line":136,"column":12},"end":{"line":136,"column":12}},{"start":{"line":136,"column":12},"end":{"line":136,"column":12}}]},"5":{"line":147,"type":"if","locations":[{"start":{"line":147,"column":8},"end":{"line":147,"column":8}},{"start":{"line":147,"column":8},"end":{"line":147,"column":8}}]},"6":{"line":149,"type":"if","locations":[{"start":{"line":149,"column":8},"end":{"line":149,"column":8}},{"start":{"line":149,"column":8},"end":{"line":149,"column":8}}]},"7":{"line":151,"type":"if","locations":[{"start":{"line":151,"column":8},"end":{"line":151,"column":8}},{"start":{"line":151,"column":8},"end":{"line":151,"column":8}}]},"8":{"line":165,"type":"if","locations":[{"start":{"line":165,"column":8},"end":{"line":165,"column":8}},{"start":{"line":165,"column":8},"end":{"line":165,"column":8}}]},"9":{"line":167,"type":"if","locations":[{"start":{"line":167,"column":8},"end":{"line":167,"column":8}},{"start":{"line":167,"column":8},"end":{"line":167,"column":8}}]},"10":{"line":177,"type":"if","locations":[{"start":{"line":177,"column":12},"end":{"line":177,"column":12}},{"start":{"line":177,"column":12},"end":{"line":177,"column":12}}]},"11":{"line":189,"type":"if","locations":[{"start":{"line":189,"column":12},"end":{"line":189,"column":12}},{"start":{"line":189,"column":12},"end":{"line":189,"column":12}}]},"12":{"line":200,"type":"if","locations":[{"start":{"line":200,"column":8},"end":{"line":200,"column":8}},{"start":{"line":200,"column":8},"end":{"line":200,"column":8}}]},"13":{"line":202,"type":"if","locations":[{"start":{"line":202,"column":8},"end":{"line":202,"column":8}},{"start":{"line":202,"column":8},"end":{"line":202,"column":8}}]},"14":{"line":204,"type":"if","locations":[{"start":{"line":204,"column":8},"end":{"line":204,"column":8}},{"start":{"line":204,"column":8},"end":{"line":204,"column":8}}]},"15":{"line":218,"type":"if","locations":[{"start":{"line":218,"column":8},"end":{"line":218,"column":8}},{"start":{"line":218,"column":8},"end":{"line":218,"column":8}}]},"16":{"line":220,"type":"if","locations":[{"start":{"line":220,"column":8},"end":{"line":220,"column":8}},{"start":{"line":220,"column":8},"end":{"line":220,"column":8}}]},"17":{"line":230,"type":"if","locations":[{"start":{"line":230,"column":12},"end":{"line":230,"column":12}},{"start":{"line":230,"column":12},"end":{"line":230,"column":12}}]},"18":{"line":242,"type":"if","locations":[{"start":{"line":242,"column":12},"end":{"line":242,"column":12}},{"start":{"line":242,"column":12},"end":{"line":242,"column":12}}]},"19":{"line":253,"type":"if","locations":[{"start":{"line":253,"column":8},"end":{"line":253,"column":8}},{"start":{"line":253,"column":8},"end":{"line":253,"column":8}}]},"20":{"line":255,"type":"if","locations":[{"start":{"line":255,"column":8},"end":{"line":255,"column":8}},{"start":{"line":255,"column":8},"end":{"line":255,"column":8}}]},"21":{"line":257,"type":"if","locations":[{"start":{"line":257,"column":8},"end":{"line":257,"column":8}},{"start":{"line":257,"column":8},"end":{"line":257,"column":8}}]}}}}