TN:
SF:/home/oncemore/Blockchain Work/membership/contracts/Membership.sol
FN:110,gold_buy
FN:122,gold_sell
FN:134,gold_approve
FN:145,gold_request_buy
FN:163,silver_buy
FN:175,silver_sell
FN:187,silver_approve
FN:198,silver_request_buy
FN:216,bronze_buy
FN:228,bronze_sell
FN:240,bronze_approve
FN:251,bronze_request_buy
FNF:12
FNH:12
FNDA:1,gold_buy
FNDA:1,gold_sell
FNDA:1,gold_approve
FNDA:1,gold_request_buy
FNDA:1,silver_buy
FNDA:1,silver_sell
FNDA:1,silver_approve
FNDA:1,silver_request_buy
FNDA:1,bronze_buy
FNDA:1,bronze_sell
FNDA:1,bronze_approve
FNDA:1,bronze_request_buy
DA:112,1
DA:114,1
DA:116,1
DA:117,1
DA:118,1
DA:123,1
DA:124,1
DA:125,1
DA:126,1
DA:127,1
DA:130,0
DA:131,0
DA:135,1
DA:136,1
DA:137,1
DA:138,1
DA:139,1
DA:142,0
DA:147,1
DA:149,1
DA:151,1
DA:153,1
DA:155,1
DA:156,1
DA:157,1
DA:165,1
DA:167,1
DA:169,1
DA:170,1
DA:171,1
DA:176,1
DA:177,1
DA:178,1
DA:179,1
DA:180,1
DA:183,0
DA:184,0
DA:188,1
DA:189,1
DA:190,1
DA:191,1
DA:192,1
DA:195,0
DA:200,1
DA:202,1
DA:204,1
DA:206,1
DA:208,1
DA:209,1
DA:210,1
DA:218,1
DA:220,1
DA:222,1
DA:223,1
DA:224,1
DA:229,1
DA:230,1
DA:231,1
DA:232,1
DA:233,1
DA:236,0
DA:237,0
DA:241,1
DA:242,1
DA:243,1
DA:244,1
DA:245,1
DA:248,0
DA:253,1
DA:255,1
DA:257,1
DA:259,1
DA:261,1
DA:262,1
DA:263,1
LF:75
LH:66
BRDA:112,1,0,1
BRDA:112,1,1,0
BRDA:114,2,0,1
BRDA:114,2,1,0
BRDA:124,3,0,1
BRDA:124,3,1,0
BRDA:136,4,0,1
BRDA:136,4,1,0
BRDA:147,5,0,1
BRDA:147,5,1,0
BRDA:149,6,0,1
BRDA:149,6,1,0
BRDA:151,7,0,1
BRDA:151,7,1,0
BRDA:165,8,0,1
BRDA:165,8,1,0
BRDA:167,9,0,1
BRDA:167,9,1,0
BRDA:177,10,0,1
BRDA:177,10,1,0
BRDA:189,11,0,1
BRDA:189,11,1,0
BRDA:200,12,0,1
BRDA:200,12,1,0
BRDA:202,13,0,1
BRDA:202,13,1,0
BRDA:204,14,0,1
BRDA:204,14,1,0
BRDA:218,15,0,1
BRDA:218,15,1,0
BRDA:220,16,0,1
BRDA:220,16,1,0
BRDA:230,17,0,1
BRDA:230,17,1,0
BRDA:242,18,0,1
BRDA:242,18,1,0
BRDA:253,19,0,1
BRDA:253,19,1,0
BRDA:255,20,0,1
BRDA:255,20,1,0
BRDA:257,21,0,1
BRDA:257,21,1,0
BRF:42
BRH:21
end_of_record
