TN:
SF:/home/oncemore/Blockchain Work/membership/contracts/Membership.old.sol
FN:21,invest
FN:24,balanceOf
FN:28,purchase_gold
FN:40,buy_gold
FN:53,get_gold_owner_amount
FN:58,purchase_silver
FN:70,buy_silver
FN:83,get_silver_owner_amount
FN:88,purchase_bronze
FN:100,buy_bronze
FN:113,get_bronze_owner_amount
FNF:11
FNH:0
FNDA:0,invest
FNDA:0,balanceOf
FNDA:0,purchase_gold
FNDA:0,buy_gold
FNDA:0,get_gold_owner_amount
FNDA:0,purchase_silver
FNDA:0,buy_silver
FNDA:0,get_silver_owner_amount
FNDA:0,purchase_bronze
FNDA:0,buy_bronze
FNDA:0,get_bronze_owner_amount
DA:25,0
DA:29,0
DA:30,0
DA:32,0
DA:34,0
DA:36,0
DA:42,0
DA:44,0
DA:46,0
DA:47,0
DA:48,0
DA:54,0
DA:59,0
DA:60,0
DA:62,0
DA:64,0
DA:66,0
DA:72,0
DA:74,0
DA:76,0
DA:77,0
DA:78,0
DA:84,0
DA:89,0
DA:90,0
DA:92,0
DA:94,0
DA:96,0
DA:102,0
DA:104,0
DA:106,0
DA:107,0
DA:108,0
DA:114,0
LF:34
LH:0
BRDA:32,1,0,0
BRDA:32,1,1,0
BRDA:34,2,0,0
BRDA:34,2,1,0
BRDA:42,3,0,0
BRDA:42,3,1,0
BRDA:47,4,0,0
BRDA:47,4,1,0
BRDA:62,5,0,0
BRDA:62,5,1,0
BRDA:64,6,0,0
BRDA:64,6,1,0
BRDA:72,7,0,0
BRDA:72,7,1,0
BRDA:77,8,0,0
BRDA:77,8,1,0
BRDA:92,9,0,0
BRDA:92,9,1,0
BRDA:94,10,0,0
BRDA:94,10,1,0
BRDA:102,11,0,0
BRDA:102,11,1,0
BRDA:107,12,0,0
BRDA:107,12,1,0
BRF:24
BRH:0
end_of_record
TN:
SF:/home/oncemore/Blockchain Work/membership/contracts/Membership.sol
FN:110,gold_buy
FN:122,gold_sell
FN:134,gold_approve
FN:145,gold_request_buy
FN:163,silver_buy
FN:175,silver_sell
FN:187,silver_approve
FN:198,silver_request_buy
FN:216,bronze_buy
FN:228,bronze_sell
FN:240,bronze_approve
FN:251,bronze_request_buy
FNF:12
FNH:12
FNDA:1,gold_buy
FNDA:1,gold_sell
FNDA:1,gold_approve
FNDA:1,gold_request_buy
FNDA:1,silver_buy
FNDA:1,silver_sell
FNDA:1,silver_approve
FNDA:1,silver_request_buy
FNDA:1,bronze_buy
FNDA:1,bronze_sell
FNDA:1,bronze_approve
FNDA:1,bronze_request_buy
DA:112,1
DA:114,1
DA:116,1
DA:117,1
DA:118,1
DA:123,1
DA:124,1
DA:125,1
DA:126,1
DA:127,1
DA:130,0
DA:131,0
DA:135,1
DA:136,1
DA:137,1
DA:138,1
DA:139,1
DA:142,0
DA:147,1
DA:149,1
DA:151,1
DA:153,1
DA:155,1
DA:156,1
DA:157,1
DA:165,1
DA:167,1
DA:169,1
DA:170,1
DA:171,1
DA:176,1
DA:177,1
DA:178,1
DA:179,1
DA:180,1
DA:183,0
DA:184,0
DA:188,1
DA:189,1
DA:190,1
DA:191,1
DA:192,1
DA:195,0
DA:200,1
DA:202,1
DA:204,1
DA:206,1
DA:208,1
DA:209,1
DA:210,1
DA:218,1
DA:220,1
DA:222,1
DA:223,1
DA:224,1
DA:229,1
DA:230,1
DA:231,1
DA:232,1
DA:233,1
DA:236,0
DA:237,0
DA:241,1
DA:242,1
DA:243,1
DA:244,1
DA:245,1
DA:248,0
DA:253,1
DA:255,1
DA:257,1
DA:259,1
DA:261,1
DA:262,1
DA:263,1
LF:75
LH:66
BRDA:112,1,0,1
BRDA:112,1,1,0
BRDA:114,2,0,1
BRDA:114,2,1,0
BRDA:124,3,0,1
BRDA:124,3,1,0
BRDA:136,4,0,1
BRDA:136,4,1,0
BRDA:147,5,0,1
BRDA:147,5,1,0
BRDA:149,6,0,1
BRDA:149,6,1,0
BRDA:151,7,0,1
BRDA:151,7,1,0
BRDA:165,8,0,1
BRDA:165,8,1,0
BRDA:167,9,0,1
BRDA:167,9,1,0
BRDA:177,10,0,1
BRDA:177,10,1,0
BRDA:189,11,0,1
BRDA:189,11,1,0
BRDA:200,12,0,1
BRDA:200,12,1,0
BRDA:202,13,0,1
BRDA:202,13,1,0
BRDA:204,14,0,1
BRDA:204,14,1,0
BRDA:218,15,0,1
BRDA:218,15,1,0
BRDA:220,16,0,1
BRDA:220,16,1,0
BRDA:230,17,0,1
BRDA:230,17,1,0
BRDA:242,18,0,1
BRDA:242,18,1,0
BRDA:253,19,0,1
BRDA:253,19,1,0
BRDA:255,20,0,1
BRDA:255,20,1,0
BRDA:257,21,0,1
BRDA:257,21,1,0
BRF:42
BRH:21
end_of_record
